Build started 10/9/2012 4:21:19 PM.
     1>Project "D:\MyPractices\CPlusPlus\VCPlusplus\DefinedMethods\DefinedMethods\DefinedMethods.vcxproj" on node 2 (build target(s)).
     1>InitializeBuildStatus:
         Creating "Debug\DefinedMethods.unsuccessfulbuild" because "AlwaysCreate" was specified.
       ClCompile:
         All outputs are up-to-date.
         C:\Program Files\Microsoft Visual Studio 10.0\VC\bin\CL.exe /c /ZI /nologo /W3 /WX- /Od /Oy- /D WIN32 /D _DEBUG /D _CONSOLE /D _UNICODE /D UNICODE /Gm /EHsc /RTC1 /MDd /GS /fp:precise /Zc:wchar_t /Zc:forScope /Yu"StdAfx.h" /Fp"Debug\DefinedMethods.pch" /Fo"Debug\\" /Fd"Debug\vc100.pdb" /Gd /TP /analyze- /errorReport:prompt DefinedMethods.cpp
         DefinedMethods.cpp
     1>d:\mypractices\cplusplus\vcplusplus\definedmethods\definedmethods\defs.h(4): warning C4067: unexpected tokens following preprocessor directive - expected a newline
       ManifestResourceCompile:
         All outputs are up-to-date.
       Link:
         C:\Program Files\Microsoft Visual Studio 10.0\VC\bin\link.exe /ERRORREPORT:PROMPT /OUT:"D:\MyPractices\CPlusPlus\VCPlusplus\DefinedMethods\Debug\DefinedMethods.exe" /INCREMENTAL /NOLOGO kernel32.lib user32.lib gdi32.lib winspool.lib comdlg32.lib advapi32.lib shell32.lib ole32.lib oleaut32.lib uuid.lib odbc32.lib odbccp32.lib /MANIFEST /ManifestFile:"Debug\DefinedMethods.exe.intermediate.manifest" /MANIFESTUAC:"level='asInvoker' uiAccess='false'" /DEBUG /PDB:"D:\MyPractices\CPlusPlus\VCPlusplus\DefinedMethods\Debug\DefinedMethods.pdb" /SUBSYSTEM:CONSOLE /TLBID:1 /DYNAMICBASE /NXCOMPAT /IMPLIB:"D:\MyPractices\CPlusPlus\VCPlusplus\DefinedMethods\Debug\DefinedMethods.lib" /MACHINE:X86 Debug\DefinedMethods.exe.embed.manifest.res
         Debug\DefinedMethods.obj
         Debug\stdafx.obj
       Manifest:
         C:\Program Files\Microsoft SDKs\Windows\v7.0A\bin\mt.exe /nologo /verbose /out:"Debug\DefinedMethods.exe.embed.manifest" /manifest Debug\DefinedMethods.exe.intermediate.manifest
         All outputs are up-to-date.
       LinkEmbedManifest:
         All outputs are up-to-date.
         DefinedMethods.vcxproj -> D:\MyPractices\CPlusPlus\VCPlusplus\DefinedMethods\Debug\DefinedMethods.exe
       FinalizeBuildStatus:
         Deleting file "Debug\DefinedMethods.unsuccessfulbuild".
         Touching "Debug\DefinedMethods.lastbuildstate".
     1>Done Building Project "D:\MyPractices\CPlusPlus\VCPlusplus\DefinedMethods\DefinedMethods\DefinedMethods.vcxproj" (build target(s)).

Build succeeded.

Time Elapsed 00:00:00.90
